2017-06-21 11:17:43 INFO  JFxMainUIController:96 - fired
2017-06-21 11:17:46 INFO  JFxMainUIController:96 - fired
2017-06-21 11:17:49 INFO  JFxMainUIController:96 - fired
2017-06-21 11:19:01 INFO  JFxMainUIController:96 - fired
2017-06-21 11:19:04 INFO  JFxMainUIController:96 - fired
2017-06-21 11:20:07 INFO  JFxMainUIController:96 - fired
2017-06-21 11:20:10 INFO  JFxMainUIController:96 - fired
2017-06-21 11:20:13 INFO  JFxMainUIController:96 - fired
2017-06-21 11:20:16 INFO  JFxMainUIController:96 - fired
2017-06-21 11:20:19 INFO  JFxMainUIController:96 - fired
2017-06-21 11:20:22 INFO  JFxMainUIController:96 - fired
2017-06-21 11:20:25 INFO  JFxMainUIController:96 - fired
2017-06-21 11:20:28 INFO  JFxMainUIController:96 - fired
2017-06-21 11:20:31 INFO  JFxMainUIController:96 - fired
2017-06-21 11:20:34 INFO  JFxMainUIController:96 - fired
2017-06-21 11:20:37 INFO  JFxMainUIController:96 - fired
2017-06-21 11:20:40 INFO  JFxMainUIController:96 - fired
2017-06-21 11:20:43 INFO  JFxMainUIController:96 - fired
2017-06-21 11:20:46 INFO  JFxMainUIController:96 - fired
2017-06-21 11:20:49 INFO  JFxMainUIController:96 - fired
2017-06-21 11:20:52 INFO  JFxMainUIController:96 - fired
2017-06-21 11:20:55 INFO  JFxMainUIController:96 - fired
2017-06-21 11:20:58 INFO  JFxMainUIController:96 - fired
2017-06-21 11:21:01 INFO  JFxMainUIController:96 - fired
2017-06-21 11:21:04 INFO  JFxMainUIController:96 - fired
2017-06-21 11:21:07 INFO  JFxMainUIController:96 - fired
2017-06-21 11:21:10 INFO  JFxMainUIController:96 - fired
2017-06-21 11:21:13 INFO  JFxMainUIController:96 - fired
2017-06-21 11:21:16 INFO  JFxMainUIController:96 - fired
2017-06-21 11:21:19 INFO  JFxMainUIController:96 - fired
2017-06-21 11:21:22 INFO  JFxMainUIController:96 - fired
2017-06-21 11:21:25 INFO  JFxMainUIController:96 - fired
2017-06-21 11:21:28 INFO  JFxMainUIController:96 - fired
2017-06-21 11:21:31 INFO  JFxMainUIController:96 - fired
2017-06-21 11:21:34 INFO  JFxMainUIController:96 - fired
2017-06-21 11:21:37 INFO  JFxMainUIController:96 - fired
2017-06-21 11:21:40 INFO  JFxMainUIController:96 - fired
2017-06-21 11:21:43 INFO  JFxMainUIController:96 - fired
2017-06-21 11:21:46 INFO  JFxMainUIController:96 - fired
2017-06-21 11:21:49 INFO  JFxMainUIController:96 - fired
2017-06-21 11:21:52 INFO  JFxMainUIController:96 - fired
2017-06-21 11:21:55 INFO  JFxMainUIController:96 - fired
2017-06-21 11:21:58 INFO  JFxMainUIController:96 - fired
2017-06-21 11:22:01 INFO  JFxMainUIController:96 - fired
2017-06-21 11:22:04 INFO  JFxMainUIController:96 - fired
2017-06-21 11:22:07 INFO  JFxMainUIController:96 - fired
2017-06-21 11:22:10 INFO  JFxMainUIController:96 - fired
2017-06-21 11:22:13 INFO  JFxMainUIController:96 - fired
2017-06-21 11:22:16 INFO  JFxMainUIController:96 - fired
2017-06-21 11:22:19 INFO  JFxMainUIController:96 - fired
2017-06-21 11:22:22 INFO  JFxMainUIController:96 - fired
2017-06-21 11:22:25 INFO  JFxMainUIController:96 - fired
2017-06-21 11:22:28 INFO  JFxMainUIController:96 - fired
2017-06-21 11:22:31 INFO  JFxMainUIController:96 - fired
2017-06-21 11:22:34 INFO  JFxMainUIController:96 - fired
2017-06-21 11:22:37 INFO  JFxMainUIController:96 - fired
2017-06-21 11:22:40 INFO  JFxMainUIController:96 - fired
2017-06-21 11:22:43 INFO  JFxMainUIController:96 - fired
2017-06-21 11:22:46 INFO  JFxMainUIController:96 - fired
2017-06-21 11:22:49 INFO  JFxMainUIController:96 - fired
2017-06-21 11:22:52 INFO  JFxMainUIController:96 - fired
2017-06-21 11:22:55 INFO  JFxMainUIController:96 - fired
2017-06-21 11:22:58 INFO  JFxMainUIController:96 - fired
2017-06-21 11:23:01 INFO  JFxMainUIController:96 - fired
2017-06-21 11:23:04 INFO  JFxMainUIController:96 - fired
2017-06-21 11:23:08 INFO  JFxMainUIController:96 - fired
2017-06-21 11:23:11 INFO  JFxMainUIController:96 - fired
2017-06-21 11:23:14 INFO  JFxMainUIController:96 - fired
2017-06-21 11:23:17 INFO  JFxMainUIController:96 - fired
2017-06-21 11:23:20 INFO  JFxMainUIController:96 - fired
2017-06-21 11:23:23 INFO  JFxMainUIController:96 - fired
2017-06-21 11:23:26 INFO  JFxMainUIController:96 - fired
2017-06-21 11:23:29 INFO  JFxMainUIController:96 - fired
2017-06-21 11:23:32 INFO  JFxMainUIController:96 - fired
2017-06-21 11:23:35 INFO  JFxMainUIController:96 - fired
2017-06-21 11:23:38 INFO  JFxMainUIController:96 - fired
2017-06-21 11:23:41 INFO  JFxMainUIController:96 - fired
2017-06-21 11:24:46 INFO  JFxMainUIController:96 - fired
2017-06-21 11:24:49 INFO  JFxMainUIController:96 - fired
2017-06-21 11:24:52 INFO  JFxMainUIController:96 - fired
2017-06-21 11:24:55 INFO  JFxMainUIController:96 - fired
2017-06-21 11:24:58 INFO  JFxMainUIController:96 - fired
2017-06-21 12:43:18 INFO  JFxMainUIController:94 - fired
2017-06-21 12:43:21 INFO  JFxMainUIController:94 - fired
2017-06-21 12:43:24 INFO  JFxMainUIController:94 - fired
2017-06-21 12:45:13 INFO  JFxMainUIController:94 - fired
2017-06-21 12:45:14 INFO  JFxMainUIController:94 - fired
2017-06-21 12:45:14 INFO  JFxMainUIController:94 - fired
2017-06-21 12:45:14 INFO  JFxMainUIController:94 - fired
2017-06-21 12:45:14 INFO  JFxMainUIController:94 - fired
2017-06-21 12:45:14 INFO  JFxMainUIController:94 - fired
2017-06-21 12:45:14 INFO  JFxMainUIController:94 - fired
2017-06-21 12:45:14 INFO  JFxMainUIController:94 - fired
2017-06-21 12:45:14 INFO  JFxMainUIController:94 - fired
2017-06-21 12:45:14 INFO  JFxMainUIController:94 - fired
2017-06-21 12:45:14 INFO  JFxMainUIController:94 - fired
2017-06-21 12:45:14 INFO  JFxMainUIController:94 - fired
2017-06-21 12:45:14 INFO  JFxMainUIController:94 - fired
2017-06-21 12:45:14 INFO  JFxMainUIController:94 - fired
2017-06-21 12:45:14 INFO  JFxMainUIController:94 - fired
2017-06-21 12:45:14 INFO  JFxMainUIController:94 - fired
2017-06-21 12:45:14 INFO  JFxMainUIController:94 - fired
2017-06-21 12:45:14 INFO  JFxMainUIController:94 - fired
2017-06-21 12:45:14 INFO  JFxMainUIController:94 - fired
2017-06-21 12:45:14 INFO  JFxMainUIController:94 - fired
2017-06-21 12:45:14 INFO  JFxMainUIController:94 - fired
2017-06-21 12:45:14 INFO  JFxMainUIController:94 - fired
2017-06-21 12:45:14 INFO  JFxMainUIController:94 - fired
2017-06-21 12:45:14 INFO  JFxMainUIController:94 - fired
2017-06-21 12:45:14 INFO  JFxMainUIController:94 - fired
2017-06-21 12:45:14 INFO  JFxMainUIController:94 - fired
2017-06-21 12:45:14 INFO  JFxMainUIController:94 - fired
2017-06-21 12:45:14 INFO  JFxMainUIController:94 - fired
2017-06-21 12:45:17 INFO  JFxMainUIController:94 - fired
2017-06-21 12:45:20 INFO  JFxMainUIController:94 - fired
2017-06-21 12:49:13 INFO  JFxMainUIController:94 - fired
2017-06-21 12:49:16 INFO  JFxMainUIController:94 - fired
2017-06-21 12:49:19 INFO  JFxMainUIController:94 - fired
2017-06-21 12:49:22 INFO  JFxMainUIController:94 - fired
2017-06-21 12:49:25 INFO  JFxMainUIController:94 - fired
2017-06-21 12:49:28 INFO  JFxMainUIController:94 - fired
2017-06-21 12:49:31 INFO  JFxMainUIController:94 - fired
2017-06-21 12:49:39 INFO  JFxMainUIController:94 - fired
2017-06-21 12:49:42 INFO  JFxMainUIController:94 - fired
2017-06-21 16:05:25 INFO  JFxMainUIController:95 - fired
2017-06-21 16:05:28 INFO  JFxMainUIController:95 - fired
2017-06-21 16:05:31 INFO  JFxMainUIController:95 - fired
2017-06-21 16:05:34 INFO  JFxMainUIController:95 - fired
2017-06-21 16:13:12 INFO  JFxMainUIController:100 - fired
2017-06-21 16:13:15 INFO  JFxMainUIController:100 - fired
2017-07-09 18:42:41 ERROR JFxUIMain:62 - SerialPortException
jssc.SerialPortException: Port name - null; Method name - openPort(); Exception type - Null not permitted.
	at jssc.SerialPort.openPort(SerialPort.java:161)
	at UART.UARTConnector.Connect(UARTConnector.java:52)
	at FX.JFxMainUIController.lambda$initialize$0(JFxMainUIController.java:82)
	at com.sun.javafx.event.CompositeEventHandler.dispatchBubblingEvent(CompositeEventHandler.java:86)
	at com.sun.javafx.event.EventHandlerManager.dispatchBubblingEvent(EventHandlerManager.java:238)
	at com.sun.javafx.event.EventHandlerManager.dispatchBubblingEvent(EventHandlerManager.java:191)
	at com.sun.javafx.event.CompositeEventDispatcher.dispatchBubblingEvent(CompositeEventDispatcher.java:59)
	at com.sun.javafx.event.BasicEventDispatcher.dispatchEvent(BasicEventDispatcher.java:58)
	at com.sun.javafx.event.EventDispatchChainImpl.dispatchEvent(EventDispatchChainImpl.java:114)
	at com.sun.javafx.event.BasicEventDispatcher.dispatchEvent(BasicEventDispatcher.java:56)
	at com.sun.javafx.event.EventDispatchChainImpl.dispatchEvent(EventDispatchChainImpl.java:114)
	at com.sun.javafx.event.BasicEventDispatcher.dispatchEvent(BasicEventDispatcher.java:56)
	at com.sun.javafx.event.EventDispatchChainImpl.dispatchEvent(EventDispatchChainImpl.java:114)
	at com.sun.javafx.event.EventUtil.fireEventImpl(EventUtil.java:74)
	at com.sun.javafx.event.EventUtil.fireEvent(EventUtil.java:54)
	at javafx.event.Event.fireEvent(Event.java:198)
	at javafx.scene.Scene$ClickGenerator.postProcess(Scene.java:3470)
	at javafx.scene.Scene$ClickGenerator.access$8100(Scene.java:3398)
	at javafx.scene.Scene$MouseHandler.process(Scene.java:3766)
	at javafx.scene.Scene$MouseHandler.access$1500(Scene.java:3485)
	at javafx.scene.Scene.impl_processMouseEvent(Scene.java:1762)
	at javafx.scene.Scene$ScenePeerListener.mouseEvent(Scene.java:2494)
	at com.sun.javafx.tk.quantum.GlassViewEventHandler$MouseEventNotification.run(GlassViewEventHandler.java:381)
	at com.sun.javafx.tk.quantum.GlassViewEventHandler$MouseEventNotification.run(GlassViewEventHandler.java:295)
	at java.security.AccessController.doPrivileged(Native Method)
	at com.sun.javafx.tk.quantum.GlassViewEventHandler.lambda$handleMouseEvent$354(GlassViewEventHandler.java:417)
	at com.sun.javafx.tk.quantum.QuantumToolkit.runWithoutRenderLock(QuantumToolkit.java:389)
	at com.sun.javafx.tk.quantum.GlassViewEventHandler.handleMouseEvent(GlassViewEventHandler.java:416)
	at com.sun.glass.ui.View.handleMouseEvent(View.java:555)
	at com.sun.glass.ui.View.notifyMouse(View.java:937)
2017-07-31 14:41:45 ERROR JFxUIMain:62 - SerialPortException
jssc.SerialPortException: Port name - /dev/tty.usbmodem1413; Method name - openPort(); Exception type - Port not found.
	at jssc.SerialPort.openPort(SerialPort.java:167)
	at UART.UARTConnector.Connect(UARTConnector.java:52)
	at FX.JFxMainUIController.lambda$initialize$0(JFxMainUIController.java:83)
	at com.sun.javafx.event.CompositeEventHandler.dispatchBubblingEvent(CompositeEventHandler.java:86)
	at com.sun.javafx.event.EventHandlerManager.dispatchBubblingEvent(EventHandlerManager.java:238)
	at com.sun.javafx.event.EventHandlerManager.dispatchBubblingEvent(EventHandlerManager.java:191)
	at com.sun.javafx.event.CompositeEventDispatcher.dispatchBubblingEvent(CompositeEventDispatcher.java:59)
	at com.sun.javafx.event.BasicEventDispatcher.dispatchEvent(BasicEventDispatcher.java:58)
	at com.sun.javafx.event.EventDispatchChainImpl.dispatchEvent(EventDispatchChainImpl.java:114)
	at com.sun.javafx.event.BasicEventDispatcher.dispatchEvent(BasicEventDispatcher.java:56)
	at com.sun.javafx.event.EventDispatchChainImpl.dispatchEvent(EventDispatchChainImpl.java:114)
	at com.sun.javafx.event.BasicEventDispatcher.dispatchEvent(BasicEventDispatcher.java:56)
	at com.sun.javafx.event.EventDispatchChainImpl.dispatchEvent(EventDispatchChainImpl.java:114)
	at com.sun.javafx.event.EventUtil.fireEventImpl(EventUtil.java:74)
	at com.sun.javafx.event.EventUtil.fireEvent(EventUtil.java:54)
	at javafx.event.Event.fireEvent(Event.java:198)
	at javafx.scene.Scene$ClickGenerator.postProcess(Scene.java:3470)
	at javafx.scene.Scene$ClickGenerator.access$8100(Scene.java:3398)
	at javafx.scene.Scene$MouseHandler.process(Scene.java:3766)
	at javafx.scene.Scene$MouseHandler.access$1500(Scene.java:3485)
	at javafx.scene.Scene.impl_processMouseEvent(Scene.java:1762)
	at javafx.scene.Scene$ScenePeerListener.mouseEvent(Scene.java:2494)
	at com.sun.javafx.tk.quantum.GlassViewEventHandler$MouseEventNotification.run(GlassViewEventHandler.java:381)
	at com.sun.javafx.tk.quantum.GlassViewEventHandler$MouseEventNotification.run(GlassViewEventHandler.java:295)
	at java.security.AccessController.doPrivileged(Native Method)
	at com.sun.javafx.tk.quantum.GlassViewEventHandler.lambda$handleMouseEvent$354(GlassViewEventHandler.java:417)
	at com.sun.javafx.tk.quantum.QuantumToolkit.runWithoutRenderLock(QuantumToolkit.java:389)
	at com.sun.javafx.tk.quantum.GlassViewEventHandler.handleMouseEvent(GlassViewEventHandler.java:416)
	at com.sun.glass.ui.View.handleMouseEvent(View.java:555)
	at com.sun.glass.ui.View.notifyMouse(View.java:937)
2017-08-01 19:21:58 ERROR JFxUIMain:62 - SerialPortException
jssc.SerialPortException: Port name - null; Method name - openPort(); Exception type - Null not permitted.
	at jssc.SerialPort.openPort(SerialPort.java:161)
	at UART.UARTConnector.Connect(UARTConnector.java:52)
	at FX.JFxMainUIController.lambda$initialize$0(JFxMainUIController.java:95)
	at com.sun.javafx.event.CompositeEventHandler.dispatchBubblingEvent(CompositeEventHandler.java:86)
	at com.sun.javafx.event.EventHandlerManager.dispatchBubblingEvent(EventHandlerManager.java:238)
	at com.sun.javafx.event.EventHandlerManager.dispatchBubblingEvent(EventHandlerManager.java:191)
	at com.sun.javafx.event.CompositeEventDispatcher.dispatchBubblingEvent(CompositeEventDispatcher.java:59)
	at com.sun.javafx.event.BasicEventDispatcher.dispatchEvent(BasicEventDispatcher.java:58)
	at com.sun.javafx.event.EventDispatchChainImpl.dispatchEvent(EventDispatchChainImpl.java:114)
	at com.sun.javafx.event.BasicEventDispatcher.dispatchEvent(BasicEventDispatcher.java:56)
	at com.sun.javafx.event.EventDispatchChainImpl.dispatchEvent(EventDispatchChainImpl.java:114)
	at com.sun.javafx.event.BasicEventDispatcher.dispatchEvent(BasicEventDispatcher.java:56)
	at com.sun.javafx.event.EventDispatchChainImpl.dispatchEvent(EventDispatchChainImpl.java:114)
	at com.sun.javafx.event.EventUtil.fireEventImpl(EventUtil.java:74)
	at com.sun.javafx.event.EventUtil.fireEvent(EventUtil.java:54)
	at javafx.event.Event.fireEvent(Event.java:198)
	at javafx.scene.Scene$ClickGenerator.postProcess(Scene.java:3470)
	at javafx.scene.Scene$ClickGenerator.access$8100(Scene.java:3398)
	at javafx.scene.Scene$MouseHandler.process(Scene.java:3766)
	at javafx.scene.Scene$MouseHandler.access$1500(Scene.java:3485)
	at javafx.scene.Scene.impl_processMouseEvent(Scene.java:1762)
	at javafx.scene.Scene$ScenePeerListener.mouseEvent(Scene.java:2494)
	at com.sun.javafx.tk.quantum.GlassViewEventHandler$MouseEventNotification.run(GlassViewEventHandler.java:381)
	at com.sun.javafx.tk.quantum.GlassViewEventHandler$MouseEventNotification.run(GlassViewEventHandler.java:295)
	at java.security.AccessController.doPrivileged(Native Method)
	at com.sun.javafx.tk.quantum.GlassViewEventHandler.lambda$handleMouseEvent$354(GlassViewEventHandler.java:417)
	at com.sun.javafx.tk.quantum.QuantumToolkit.runWithoutRenderLock(QuantumToolkit.java:389)
	at com.sun.javafx.tk.quantum.GlassViewEventHandler.handleMouseEvent(GlassViewEventHandler.java:416)
	at com.sun.glass.ui.View.handleMouseEvent(View.java:555)
	at com.sun.glass.ui.View.notifyMouse(View.java:937)
2017-08-01 19:21:59 ERROR JFxUIMain:62 - SerialPortException
jssc.SerialPortException: Port name - null; Method name - openPort(); Exception type - Null not permitted.
	at jssc.SerialPort.openPort(SerialPort.java:161)
	at UART.UARTConnector.Connect(UARTConnector.java:52)
	at FX.JFxMainUIController.lambda$initialize$0(JFxMainUIController.java:95)
	at com.sun.javafx.event.CompositeEventHandler.dispatchBubblingEvent(CompositeEventHandler.java:86)
	at com.sun.javafx.event.EventHandlerManager.dispatchBubblingEvent(EventHandlerManager.java:238)
	at com.sun.javafx.event.EventHandlerManager.dispatchBubblingEvent(EventHandlerManager.java:191)
	at com.sun.javafx.event.CompositeEventDispatcher.dispatchBubblingEvent(CompositeEventDispatcher.java:59)
	at com.sun.javafx.event.BasicEventDispatcher.dispatchEvent(BasicEventDispatcher.java:58)
	at com.sun.javafx.event.EventDispatchChainImpl.dispatchEvent(EventDispatchChainImpl.java:114)
	at com.sun.javafx.event.BasicEventDispatcher.dispatchEvent(BasicEventDispatcher.java:56)
	at com.sun.javafx.event.EventDispatchChainImpl.dispatchEvent(EventDispatchChainImpl.java:114)
	at com.sun.javafx.event.BasicEventDispatcher.dispatchEvent(BasicEventDispatcher.java:56)
	at com.sun.javafx.event.EventDispatchChainImpl.dispatchEvent(EventDispatchChainImpl.java:114)
	at com.sun.javafx.event.EventUtil.fireEventImpl(EventUtil.java:74)
	at com.sun.javafx.event.EventUtil.fireEvent(EventUtil.java:54)
	at javafx.event.Event.fireEvent(Event.java:198)
	at javafx.scene.Scene$ClickGenerator.postProcess(Scene.java:3470)
	at javafx.scene.Scene$ClickGenerator.access$8100(Scene.java:3398)
	at javafx.scene.Scene$MouseHandler.process(Scene.java:3766)
	at javafx.scene.Scene$MouseHandler.access$1500(Scene.java:3485)
	at javafx.scene.Scene.impl_processMouseEvent(Scene.java:1762)
	at javafx.scene.Scene$ScenePeerListener.mouseEvent(Scene.java:2494)
	at com.sun.javafx.tk.quantum.GlassViewEventHandler$MouseEventNotification.run(GlassViewEventHandler.java:381)
	at com.sun.javafx.tk.quantum.GlassViewEventHandler$MouseEventNotification.run(GlassViewEventHandler.java:295)
	at java.security.AccessController.doPrivileged(Native Method)
	at com.sun.javafx.tk.quantum.GlassViewEventHandler.lambda$handleMouseEvent$354(GlassViewEventHandler.java:417)
	at com.sun.javafx.tk.quantum.QuantumToolkit.runWithoutRenderLock(QuantumToolkit.java:389)
	at com.sun.javafx.tk.quantum.GlassViewEventHandler.handleMouseEvent(GlassViewEventHandler.java:416)
	at com.sun.glass.ui.View.handleMouseEvent(View.java:555)
	at com.sun.glass.ui.View.notifyMouse(View.java:937)
2017-08-01 19:21:59 ERROR JFxUIMain:62 - SerialPortException
jssc.SerialPortException: Port name - null; Method name - openPort(); Exception type - Null not permitted.
	at jssc.SerialPort.openPort(SerialPort.java:161)
	at UART.UARTConnector.Connect(UARTConnector.java:52)
	at FX.JFxMainUIController.lambda$initialize$0(JFxMainUIController.java:95)
	at com.sun.javafx.event.CompositeEventHandler.dispatchBubblingEvent(CompositeEventHandler.java:86)
	at com.sun.javafx.event.EventHandlerManager.dispatchBubblingEvent(EventHandlerManager.java:238)
	at com.sun.javafx.event.EventHandlerManager.dispatchBubblingEvent(EventHandlerManager.java:191)
	at com.sun.javafx.event.CompositeEventDispatcher.dispatchBubblingEvent(CompositeEventDispatcher.java:59)
	at com.sun.javafx.event.BasicEventDispatcher.dispatchEvent(BasicEventDispatcher.java:58)
	at com.sun.javafx.event.EventDispatchChainImpl.dispatchEvent(EventDispatchChainImpl.java:114)
	at com.sun.javafx.event.BasicEventDispatcher.dispatchEvent(BasicEventDispatcher.java:56)
	at com.sun.javafx.event.EventDispatchChainImpl.dispatchEvent(EventDispatchChainImpl.java:114)
	at com.sun.javafx.event.BasicEventDispatcher.dispatchEvent(BasicEventDispatcher.java:56)
	at com.sun.javafx.event.EventDispatchChainImpl.dispatchEvent(EventDispatchChainImpl.java:114)
	at com.sun.javafx.event.EventUtil.fireEventImpl(EventUtil.java:74)
	at com.sun.javafx.event.EventUtil.fireEvent(EventUtil.java:54)
	at javafx.event.Event.fireEvent(Event.java:198)
	at javafx.scene.Scene$ClickGenerator.postProcess(Scene.java:3470)
	at javafx.scene.Scene$ClickGenerator.access$8100(Scene.java:3398)
	at javafx.scene.Scene$MouseHandler.process(Scene.java:3766)
	at javafx.scene.Scene$MouseHandler.access$1500(Scene.java:3485)
	at javafx.scene.Scene.impl_processMouseEvent(Scene.java:1762)
	at javafx.scene.Scene$ScenePeerListener.mouseEvent(Scene.java:2494)
	at com.sun.javafx.tk.quantum.GlassViewEventHandler$MouseEventNotification.run(GlassViewEventHandler.java:381)
	at com.sun.javafx.tk.quantum.GlassViewEventHandler$MouseEventNotification.run(GlassViewEventHandler.java:295)
	at java.security.AccessController.doPrivileged(Native Method)
	at com.sun.javafx.tk.quantum.GlassViewEventHandler.lambda$handleMouseEvent$354(GlassViewEventHandler.java:417)
	at com.sun.javafx.tk.quantum.QuantumToolkit.runWithoutRenderLock(QuantumToolkit.java:389)
	at com.sun.javafx.tk.quantum.GlassViewEventHandler.handleMouseEvent(GlassViewEventHandler.java:416)
	at com.sun.glass.ui.View.handleMouseEvent(View.java:555)
	at com.sun.glass.ui.View.notifyMouse(View.java:937)
2017-08-01 19:22:00 ERROR JFxUIMain:62 - SerialPortException
jssc.SerialPortException: Port name - null; Method name - openPort(); Exception type - Null not permitted.
	at jssc.SerialPort.openPort(SerialPort.java:161)
	at UART.UARTConnector.Connect(UARTConnector.java:52)
	at FX.JFxMainUIController.lambda$initialize$0(JFxMainUIController.java:95)
	at com.sun.javafx.event.CompositeEventHandler.dispatchBubblingEvent(CompositeEventHandler.java:86)
	at com.sun.javafx.event.EventHandlerManager.dispatchBubblingEvent(EventHandlerManager.java:238)
	at com.sun.javafx.event.EventHandlerManager.dispatchBubblingEvent(EventHandlerManager.java:191)
	at com.sun.javafx.event.CompositeEventDispatcher.dispatchBubblingEvent(CompositeEventDispatcher.java:59)
	at com.sun.javafx.event.BasicEventDispatcher.dispatchEvent(BasicEventDispatcher.java:58)
	at com.sun.javafx.event.EventDispatchChainImpl.dispatchEvent(EventDispatchChainImpl.java:114)
	at com.sun.javafx.event.BasicEventDispatcher.dispatchEvent(BasicEventDispatcher.java:56)
	at com.sun.javafx.event.EventDispatchChainImpl.dispatchEvent(EventDispatchChainImpl.java:114)
	at com.sun.javafx.event.BasicEventDispatcher.dispatchEvent(BasicEventDispatcher.java:56)
	at com.sun.javafx.event.EventDispatchChainImpl.dispatchEvent(EventDispatchChainImpl.java:114)
	at com.sun.javafx.event.EventUtil.fireEventImpl(EventUtil.java:74)
	at com.sun.javafx.event.EventUtil.fireEvent(EventUtil.java:54)
	at javafx.event.Event.fireEvent(Event.java:198)
	at javafx.scene.Scene$ClickGenerator.postProcess(Scene.java:3470)
	at javafx.scene.Scene$ClickGenerator.access$8100(Scene.java:3398)
	at javafx.scene.Scene$MouseHandler.process(Scene.java:3766)
	at javafx.scene.Scene$MouseHandler.access$1500(Scene.java:3485)
	at javafx.scene.Scene.impl_processMouseEvent(Scene.java:1762)
	at javafx.scene.Scene$ScenePeerListener.mouseEvent(Scene.java:2494)
	at com.sun.javafx.tk.quantum.GlassViewEventHandler$MouseEventNotification.run(GlassViewEventHandler.java:381)
	at com.sun.javafx.tk.quantum.GlassViewEventHandler$MouseEventNotification.run(GlassViewEventHandler.java:295)
	at java.security.AccessController.doPrivileged(Native Method)
	at com.sun.javafx.tk.quantum.GlassViewEventHandler.lambda$handleMouseEvent$354(GlassViewEventHandler.java:417)
	at com.sun.javafx.tk.quantum.QuantumToolkit.runWithoutRenderLock(QuantumToolkit.java:389)
	at com.sun.javafx.tk.quantum.GlassViewEventHandler.handleMouseEvent(GlassViewEventHandler.java:416)
	at com.sun.glass.ui.View.handleMouseEvent(View.java:555)
	at com.sun.glass.ui.View.notifyMouse(View.java:937)
2017-08-01 19:22:00 ERROR JFxUIMain:62 - SerialPortException
jssc.SerialPortException: Port name - null; Method name - openPort(); Exception type - Null not permitted.
	at jssc.SerialPort.openPort(SerialPort.java:161)
	at UART.UARTConnector.Connect(UARTConnector.java:52)
	at FX.JFxMainUIController.lambda$initialize$0(JFxMainUIController.java:95)
	at com.sun.javafx.event.CompositeEventHandler.dispatchBubblingEvent(CompositeEventHandler.java:86)
	at com.sun.javafx.event.EventHandlerManager.dispatchBubblingEvent(EventHandlerManager.java:238)
	at com.sun.javafx.event.EventHandlerManager.dispatchBubblingEvent(EventHandlerManager.java:191)
	at com.sun.javafx.event.CompositeEventDispatcher.dispatchBubblingEvent(CompositeEventDispatcher.java:59)
	at com.sun.javafx.event.BasicEventDispatcher.dispatchEvent(BasicEventDispatcher.java:58)
	at com.sun.javafx.event.EventDispatchChainImpl.dispatchEvent(EventDispatchChainImpl.java:114)
	at com.sun.javafx.event.BasicEventDispatcher.dispatchEvent(BasicEventDispatcher.java:56)
	at com.sun.javafx.event.EventDispatchChainImpl.dispatchEvent(EventDispatchChainImpl.java:114)
	at com.sun.javafx.event.BasicEventDispatcher.dispatchEvent(BasicEventDispatcher.java:56)
	at com.sun.javafx.event.EventDispatchChainImpl.dispatchEvent(EventDispatchChainImpl.java:114)
	at com.sun.javafx.event.EventUtil.fireEventImpl(EventUtil.java:74)
	at com.sun.javafx.event.EventUtil.fireEvent(EventUtil.java:54)
	at javafx.event.Event.fireEvent(Event.java:198)
	at javafx.scene.Scene$ClickGenerator.postProcess(Scene.java:3470)
	at javafx.scene.Scene$ClickGenerator.access$8100(Scene.java:3398)
	at javafx.scene.Scene$MouseHandler.process(Scene.java:3766)
	at javafx.scene.Scene$MouseHandler.access$1500(Scene.java:3485)
	at javafx.scene.Scene.impl_processMouseEvent(Scene.java:1762)
	at javafx.scene.Scene$ScenePeerListener.mouseEvent(Scene.java:2494)
	at com.sun.javafx.tk.quantum.GlassViewEventHandler$MouseEventNotification.run(GlassViewEventHandler.java:381)
	at com.sun.javafx.tk.quantum.GlassViewEventHandler$MouseEventNotification.run(GlassViewEventHandler.java:295)
	at java.security.AccessController.doPrivileged(Native Method)
	at com.sun.javafx.tk.quantum.GlassViewEventHandler.lambda$handleMouseEvent$354(GlassViewEventHandler.java:417)
	at com.sun.javafx.tk.quantum.QuantumToolkit.runWithoutRenderLock(QuantumToolkit.java:389)
	at com.sun.javafx.tk.quantum.GlassViewEventHandler.handleMouseEvent(GlassViewEventHandler.java:416)
	at com.sun.glass.ui.View.handleMouseEvent(View.java:555)
	at com.sun.glass.ui.View.notifyMouse(View.java:937)
2017-08-01 19:22:01 ERROR JFxUIMain:62 - SerialPortException
jssc.SerialPortException: Port name - null; Method name - openPort(); Exception type - Null not permitted.
	at jssc.SerialPort.openPort(SerialPort.java:161)
	at UART.UARTConnector.Connect(UARTConnector.java:52)
	at FX.JFxMainUIController.lambda$initialize$0(JFxMainUIController.java:95)
	at com.sun.javafx.event.CompositeEventHandler.dispatchBubblingEvent(CompositeEventHandler.java:86)
	at com.sun.javafx.event.EventHandlerManager.dispatchBubblingEvent(EventHandlerManager.java:238)
	at com.sun.javafx.event.EventHandlerManager.dispatchBubblingEvent(EventHandlerManager.java:191)
	at com.sun.javafx.event.CompositeEventDispatcher.dispatchBubblingEvent(CompositeEventDispatcher.java:59)
	at com.sun.javafx.event.BasicEventDispatcher.dispatchEvent(BasicEventDispatcher.java:58)
	at com.sun.javafx.event.EventDispatchChainImpl.dispatchEvent(EventDispatchChainImpl.java:114)
	at com.sun.javafx.event.BasicEventDispatcher.dispatchEvent(BasicEventDispatcher.java:56)
	at com.sun.javafx.event.EventDispatchChainImpl.dispatchEvent(EventDispatchChainImpl.java:114)
	at com.sun.javafx.event.BasicEventDispatcher.dispatchEvent(BasicEventDispatcher.java:56)
	at com.sun.javafx.event.EventDispatchChainImpl.dispatchEvent(EventDispatchChainImpl.java:114)
	at com.sun.javafx.event.EventUtil.fireEventImpl(EventUtil.java:74)
	at com.sun.javafx.event.EventUtil.fireEvent(EventUtil.java:54)
	at javafx.event.Event.fireEvent(Event.java:198)
	at javafx.scene.Scene$ClickGenerator.postProcess(Scene.java:3470)
	at javafx.scene.Scene$ClickGenerator.access$8100(Scene.java:3398)
	at javafx.scene.Scene$MouseHandler.process(Scene.java:3766)
	at javafx.scene.Scene$MouseHandler.access$1500(Scene.java:3485)
	at javafx.scene.Scene.impl_processMouseEvent(Scene.java:1762)
	at javafx.scene.Scene$ScenePeerListener.mouseEvent(Scene.java:2494)
	at com.sun.javafx.tk.quantum.GlassViewEventHandler$MouseEventNotification.run(GlassViewEventHandler.java:381)
	at com.sun.javafx.tk.quantum.GlassViewEventHandler$MouseEventNotification.run(GlassViewEventHandler.java:295)
	at java.security.AccessController.doPrivileged(Native Method)
	at com.sun.javafx.tk.quantum.GlassViewEventHandler.lambda$handleMouseEvent$354(GlassViewEventHandler.java:417)
	at com.sun.javafx.tk.quantum.QuantumToolkit.runWithoutRenderLock(QuantumToolkit.java:389)
	at com.sun.javafx.tk.quantum.GlassViewEventHandler.handleMouseEvent(GlassViewEventHandler.java:416)
	at com.sun.glass.ui.View.handleMouseEvent(View.java:555)
	at com.sun.glass.ui.View.notifyMouse(View.java:937)
2017-08-01 19:22:02 ERROR JFxUIMain:62 - SerialPortException
jssc.SerialPortException: Port name - null; Method name - openPort(); Exception type - Null not permitted.
	at jssc.SerialPort.openPort(SerialPort.java:161)
	at UART.UARTConnector.Connect(UARTConnector.java:52)
	at FX.JFxMainUIController.lambda$initialize$0(JFxMainUIController.java:95)
	at com.sun.javafx.event.CompositeEventHandler.dispatchBubblingEvent(CompositeEventHandler.java:86)
	at com.sun.javafx.event.EventHandlerManager.dispatchBubblingEvent(EventHandlerManager.java:238)
	at com.sun.javafx.event.EventHandlerManager.dispatchBubblingEvent(EventHandlerManager.java:191)
	at com.sun.javafx.event.CompositeEventDispatcher.dispatchBubblingEvent(CompositeEventDispatcher.java:59)
	at com.sun.javafx.event.BasicEventDispatcher.dispatchEvent(BasicEventDispatcher.java:58)
	at com.sun.javafx.event.EventDispatchChainImpl.dispatchEvent(EventDispatchChainImpl.java:114)
	at com.sun.javafx.event.BasicEventDispatcher.dispatchEvent(BasicEventDispatcher.java:56)
	at com.sun.javafx.event.EventDispatchChainImpl.dispatchEvent(EventDispatchChainImpl.java:114)
	at com.sun.javafx.event.BasicEventDispatcher.dispatchEvent(BasicEventDispatcher.java:56)
	at com.sun.javafx.event.EventDispatchChainImpl.dispatchEvent(EventDispatchChainImpl.java:114)
	at com.sun.javafx.event.EventUtil.fireEventImpl(EventUtil.java:74)
	at com.sun.javafx.event.EventUtil.fireEvent(EventUtil.java:54)
	at javafx.event.Event.fireEvent(Event.java:198)
	at javafx.scene.Scene$ClickGenerator.postProcess(Scene.java:3470)
	at javafx.scene.Scene$ClickGenerator.access$8100(Scene.java:3398)
	at javafx.scene.Scene$MouseHandler.process(Scene.java:3766)
	at javafx.scene.Scene$MouseHandler.access$1500(Scene.java:3485)
	at javafx.scene.Scene.impl_processMouseEvent(Scene.java:1762)
	at javafx.scene.Scene$ScenePeerListener.mouseEvent(Scene.java:2494)
	at com.sun.javafx.tk.quantum.GlassViewEventHandler$MouseEventNotification.run(GlassViewEventHandler.java:381)
	at com.sun.javafx.tk.quantum.GlassViewEventHandler$MouseEventNotification.run(GlassViewEventHandler.java:295)
	at java.security.AccessController.doPrivileged(Native Method)
	at com.sun.javafx.tk.quantum.GlassViewEventHandler.lambda$handleMouseEvent$354(GlassViewEventHandler.java:417)
	at com.sun.javafx.tk.quantum.QuantumToolkit.runWithoutRenderLock(QuantumToolkit.java:389)
	at com.sun.javafx.tk.quantum.GlassViewEventHandler.handleMouseEvent(GlassViewEventHandler.java:416)
	at com.sun.glass.ui.View.handleMouseEvent(View.java:555)
	at com.sun.glass.ui.View.notifyMouse(View.java:937)
2017-08-01 19:22:02 ERROR JFxUIMain:62 - SerialPortException
jssc.SerialPortException: Port name - null; Method name - openPort(); Exception type - Null not permitted.
	at jssc.SerialPort.openPort(SerialPort.java:161)
	at UART.UARTConnector.Connect(UARTConnector.java:52)
	at FX.JFxMainUIController.lambda$initialize$0(JFxMainUIController.java:95)
	at com.sun.javafx.event.CompositeEventHandler.dispatchBubblingEvent(CompositeEventHandler.java:86)
	at com.sun.javafx.event.EventHandlerManager.dispatchBubblingEvent(EventHandlerManager.java:238)
	at com.sun.javafx.event.EventHandlerManager.dispatchBubblingEvent(EventHandlerManager.java:191)
	at com.sun.javafx.event.CompositeEventDispatcher.dispatchBubblingEvent(CompositeEventDispatcher.java:59)
	at com.sun.javafx.event.BasicEventDispatcher.dispatchEvent(BasicEventDispatcher.java:58)
	at com.sun.javafx.event.EventDispatchChainImpl.dispatchEvent(EventDispatchChainImpl.java:114)
	at com.sun.javafx.event.BasicEventDispatcher.dispatchEvent(BasicEventDispatcher.java:56)
	at com.sun.javafx.event.EventDispatchChainImpl.dispatchEvent(EventDispatchChainImpl.java:114)
	at com.sun.javafx.event.BasicEventDispatcher.dispatchEvent(BasicEventDispatcher.java:56)
	at com.sun.javafx.event.EventDispatchChainImpl.dispatchEvent(EventDispatchChainImpl.java:114)
	at com.sun.javafx.event.EventUtil.fireEventImpl(EventUtil.java:74)
	at com.sun.javafx.event.EventUtil.fireEvent(EventUtil.java:54)
	at javafx.event.Event.fireEvent(Event.java:198)
	at javafx.scene.Scene$ClickGenerator.postProcess(Scene.java:3470)
	at javafx.scene.Scene$ClickGenerator.access$8100(Scene.java:3398)
	at javafx.scene.Scene$MouseHandler.process(Scene.java:3766)
	at javafx.scene.Scene$MouseHandler.access$1500(Scene.java:3485)
	at javafx.scene.Scene.impl_processMouseEvent(Scene.java:1762)
	at javafx.scene.Scene$ScenePeerListener.mouseEvent(Scene.java:2494)
	at com.sun.javafx.tk.quantum.GlassViewEventHandler$MouseEventNotification.run(GlassViewEventHandler.java:381)
	at com.sun.javafx.tk.quantum.GlassViewEventHandler$MouseEventNotification.run(GlassViewEventHandler.java:295)
	at java.security.AccessController.doPrivileged(Native Method)
	at com.sun.javafx.tk.quantum.GlassViewEventHandler.lambda$handleMouseEvent$354(GlassViewEventHandler.java:417)
	at com.sun.javafx.tk.quantum.QuantumToolkit.runWithoutRenderLock(QuantumToolkit.java:389)
	at com.sun.javafx.tk.quantum.GlassViewEventHandler.handleMouseEvent(GlassViewEventHandler.java:416)
	at com.sun.glass.ui.View.handleMouseEvent(View.java:555)
	at com.sun.glass.ui.View.notifyMouse(View.java:937)
2017-08-01 19:22:03 ERROR JFxUIMain:62 - SerialPortException
jssc.SerialPortException: Port name - null; Method name - openPort(); Exception type - Null not permitted.
	at jssc.SerialPort.openPort(SerialPort.java:161)
	at UART.UARTConnector.Connect(UARTConnector.java:52)
	at FX.JFxMainUIController.lambda$initialize$0(JFxMainUIController.java:95)
	at com.sun.javafx.event.CompositeEventHandler.dispatchBubblingEvent(CompositeEventHandler.java:86)
	at com.sun.javafx.event.EventHandlerManager.dispatchBubblingEvent(EventHandlerManager.java:238)
	at com.sun.javafx.event.EventHandlerManager.dispatchBubblingEvent(EventHandlerManager.java:191)
	at com.sun.javafx.event.CompositeEventDispatcher.dispatchBubblingEvent(CompositeEventDispatcher.java:59)
	at com.sun.javafx.event.BasicEventDispatcher.dispatchEvent(BasicEventDispatcher.java:58)
	at com.sun.javafx.event.EventDispatchChainImpl.dispatchEvent(EventDispatchChainImpl.java:114)
	at com.sun.javafx.event.BasicEventDispatcher.dispatchEvent(BasicEventDispatcher.java:56)
	at com.sun.javafx.event.EventDispatchChainImpl.dispatchEvent(EventDispatchChainImpl.java:114)
	at com.sun.javafx.event.BasicEventDispatcher.dispatchEvent(BasicEventDispatcher.java:56)
	at com.sun.javafx.event.EventDispatchChainImpl.dispatchEvent(EventDispatchChainImpl.java:114)
	at com.sun.javafx.event.EventUtil.fireEventImpl(EventUtil.java:74)
	at com.sun.javafx.event.EventUtil.fireEvent(EventUtil.java:54)
	at javafx.event.Event.fireEvent(Event.java:198)
	at javafx.scene.Scene$ClickGenerator.postProcess(Scene.java:3470)
	at javafx.scene.Scene$ClickGenerator.access$8100(Scene.java:3398)
	at javafx.scene.Scene$MouseHandler.process(Scene.java:3766)
	at javafx.scene.Scene$MouseHandler.access$1500(Scene.java:3485)
	at javafx.scene.Scene.impl_processMouseEvent(Scene.java:1762)
	at javafx.scene.Scene$ScenePeerListener.mouseEvent(Scene.java:2494)
	at com.sun.javafx.tk.quantum.GlassViewEventHandler$MouseEventNotification.run(GlassViewEventHandler.java:381)
	at com.sun.javafx.tk.quantum.GlassViewEventHandler$MouseEventNotification.run(GlassViewEventHandler.java:295)
	at java.security.AccessController.doPrivileged(Native Method)
	at com.sun.javafx.tk.quantum.GlassViewEventHandler.lambda$handleMouseEvent$354(GlassViewEventHandler.java:417)
	at com.sun.javafx.tk.quantum.QuantumToolkit.runWithoutRenderLock(QuantumToolkit.java:389)
	at com.sun.javafx.tk.quantum.GlassViewEventHandler.handleMouseEvent(GlassViewEventHandler.java:416)
	at com.sun.glass.ui.View.handleMouseEvent(View.java:555)
	at com.sun.glass.ui.View.notifyMouse(View.java:937)
